mode: set
github.com/imhasandl/notification-service/main.go:22.13,23.46 1 0
github.com/imhasandl/notification-service/main.go:23.46,25.3 1 0
github.com/imhasandl/notification-service/main.go:27.2,28.16 2 0
github.com/imhasandl/notification-service/main.go:28.16,30.3 1 0
github.com/imhasandl/notification-service/main.go:32.2,33.17 2 0
github.com/imhasandl/notification-service/main.go:33.17,35.3 1 0
github.com/imhasandl/notification-service/main.go:37.2,38.23 2 0
github.com/imhasandl/notification-service/main.go:38.23,40.3 1 0
github.com/imhasandl/notification-service/main.go:42.2,43.27 2 0
github.com/imhasandl/notification-service/main.go:43.27,45.3 1 0
github.com/imhasandl/notification-service/main.go:47.2,48.16 2 0
github.com/imhasandl/notification-service/main.go:48.16,50.3 1 0
github.com/imhasandl/notification-service/main.go:52.2,53.16 2 0
github.com/imhasandl/notification-service/main.go:53.16,55.3 1 0
github.com/imhasandl/notification-service/main.go:56.2,60.16 4 0
github.com/imhasandl/notification-service/main.go:60.16,62.3 1 0
github.com/imhasandl/notification-service/main.go:63.2,66.16 3 0
github.com/imhasandl/notification-service/main.go:66.16,68.3 1 0
github.com/imhasandl/notification-service/main.go:70.2,81.37 7 0
github.com/imhasandl/notification-service/main.go:81.37,83.3 1 0
