mode: atomic
github.com/imhasandl/notification-service/internal/rabbitmq/rabbitmq.go:32.49,34.16 2 0
github.com/imhasandl/notification-service/internal/rabbitmq/rabbitmq.go:34.16,37.3 2 0
github.com/imhasandl/notification-service/internal/rabbitmq/rabbitmq.go:39.2,40.16 2 0
github.com/imhasandl/notification-service/internal/rabbitmq/rabbitmq.go:40.16,43.3 2 0
github.com/imhasandl/notification-service/internal/rabbitmq/rabbitmq.go:46.2,54.16 1 0
github.com/imhasandl/notification-service/internal/rabbitmq/rabbitmq.go:54.16,57.3 2 0
github.com/imhasandl/notification-service/internal/rabbitmq/rabbitmq.go:60.2,68.16 2 0
github.com/imhasandl/notification-service/internal/rabbitmq/rabbitmq.go:68.16,71.3 2 0
github.com/imhasandl/notification-service/internal/rabbitmq/rabbitmq.go:74.2,80.16 1 0
github.com/imhasandl/notification-service/internal/rabbitmq/rabbitmq.go:80.16,83.3 2 0
github.com/imhasandl/notification-service/internal/rabbitmq/rabbitmq.go:85.2,88.8 1 0
github.com/imhasandl/notification-service/internal/rabbitmq/rabbitmq.go:92.28,93.22 1 0
github.com/imhasandl/notification-service/internal/rabbitmq/rabbitmq.go:93.22,94.43 1 0
github.com/imhasandl/notification-service/internal/rabbitmq/rabbitmq.go:94.43,96.4 1 0
github.com/imhasandl/notification-service/internal/rabbitmq/rabbitmq.go:98.2,98.19 1 0
github.com/imhasandl/notification-service/internal/rabbitmq/rabbitmq.go:98.19,99.40 1 0
github.com/imhasandl/notification-service/internal/rabbitmq/rabbitmq.go:99.40,101.4 1 0
github.com/imhasandl/notification-service/internal/rabbitmq/rabbitmq.go:106.47,108.2 1 0
github.com/imhasandl/notification-service/internal/firebase/firebase.go:30.85,33.16 3 0
github.com/imhasandl/notification-service/internal/firebase/firebase.go:33.16,36.3 2 0
github.com/imhasandl/notification-service/internal/firebase/firebase.go:39.2,40.16 2 0
github.com/imhasandl/notification-service/internal/firebase/firebase.go:40.16,43.3 2 0
github.com/imhasandl/notification-service/internal/firebase/firebase.go:45.2,48.8 1 0
github.com/imhasandl/notification-service/internal/firebase/firebase.go:52.56,54.2 1 0
github.com/imhasandl/notification-service/main.go:30.13,33.16 2 0
github.com/imhasandl/notification-service/main.go:33.16,35.3 1 0
github.com/imhasandl/notification-service/main.go:38.2,39.16 2 0
github.com/imhasandl/notification-service/main.go:39.16,41.3 1 0
github.com/imhasandl/notification-service/main.go:44.2,45.16 2 0
github.com/imhasandl/notification-service/main.go:45.16,47.3 1 0
github.com/imhasandl/notification-service/main.go:48.2,51.16 3 0
github.com/imhasandl/notification-service/main.go:51.16,53.3 1 0
github.com/imhasandl/notification-service/main.go:54.2,57.16 3 0
github.com/imhasandl/notification-service/main.go:57.16,59.3 1 0
github.com/imhasandl/notification-service/main.go:62.2,63.28 2 0
github.com/imhasandl/notification-service/main.go:67.36,68.46 1 0
github.com/imhasandl/notification-service/main.go:68.46,70.3 1 0
github.com/imhasandl/notification-service/main.go:72.2,73.16 2 0
github.com/imhasandl/notification-service/main.go:73.16,75.3 1 0
github.com/imhasandl/notification-service/main.go:77.2,78.17 2 0
github.com/imhasandl/notification-service/main.go:78.17,80.3 1 0
github.com/imhasandl/notification-service/main.go:82.2,83.23 2 0
github.com/imhasandl/notification-service/main.go:83.23,85.3 1 0
github.com/imhasandl/notification-service/main.go:87.2,88.27 2 0
github.com/imhasandl/notification-service/main.go:88.27,90.3 1 0
github.com/imhasandl/notification-service/main.go:92.2,97.8 1 0
github.com/imhasandl/notification-service/main.go:101.69,103.16 2 0
github.com/imhasandl/notification-service/main.go:103.16,105.3 1 0
github.com/imhasandl/notification-service/main.go:106.2,107.31 2 0
github.com/imhasandl/notification-service/main.go:111.67,113.2 1 0
github.com/imhasandl/notification-service/main.go:116.82,118.2 1 0
github.com/imhasandl/notification-service/main.go:121.56,131.46 6 0
github.com/imhasandl/notification-service/main.go:131.46,133.3 1 0
github.com/imhasandl/notification-service/cmd/server/RMQconsume.go:15.28,25.16 2 0
github.com/imhasandl/notification-service/cmd/server/RMQconsume.go:25.16,27.3 1 0
github.com/imhasandl/notification-service/cmd/server/RMQconsume.go:29.2,29.12 1 0
github.com/imhasandl/notification-service/cmd/server/RMQconsume.go:29.12,30.25 1 0
github.com/imhasandl/notification-service/cmd/server/RMQconsume.go:30.25,38.18 4 0
github.com/imhasandl/notification-service/cmd/server/RMQconsume.go:38.18,40.56 2 0
github.com/imhasandl/notification-service/cmd/server/RMQconsume.go:40.56,42.6 1 0
github.com/imhasandl/notification-service/cmd/server/notification-service.go:47.123,55.2 1 0
github.com/imhasandl/notification-service/cmd/server/notification-service.go:59.127,62.16 3 0
github.com/imhasandl/notification-service/cmd/server/notification-service.go:62.16,64.3 1 0
github.com/imhasandl/notification-service/cmd/server/notification-service.go:66.2,67.16 2 0
github.com/imhasandl/notification-service/cmd/server/notification-service.go:67.16,69.3 1 0
github.com/imhasandl/notification-service/cmd/server/notification-service.go:71.2,74.65 2 0
github.com/imhasandl/notification-service/cmd/server/notification-service.go:74.65,76.3 1 0
github.com/imhasandl/notification-service/cmd/server/notification-service.go:78.2,79.16 2 0
github.com/imhasandl/notification-service/cmd/server/notification-service.go:79.16,81.3 1 0
github.com/imhasandl/notification-service/cmd/server/notification-service.go:83.2,83.31 1 0
github.com/imhasandl/notification-service/cmd/server/notification-service.go:83.31,85.3 1 0
github.com/imhasandl/notification-service/cmd/server/notification-service.go:87.2,104.16 3 0
github.com/imhasandl/notification-service/cmd/server/notification-service.go:104.16,106.3 1 0
github.com/imhasandl/notification-service/cmd/server/notification-service.go:106.8,108.3 1 0
github.com/imhasandl/notification-service/cmd/server/notification-service.go:110.2,112.8 1 0
github.com/imhasandl/notification-service/cmd/server/notification-service.go:117.136,119.16 2 0
github.com/imhasandl/notification-service/cmd/server/notification-service.go:119.16,121.3 1 0
github.com/imhasandl/notification-service/cmd/server/notification-service.go:123.2,131.16 3 0
github.com/imhasandl/notification-service/cmd/server/notification-service.go:131.16,133.3 1 0
github.com/imhasandl/notification-service/cmd/server/notification-service.go:135.2,144.8 1 0
github.com/imhasandl/notification-service/cmd/server/notification-service.go:149.130,151.16 2 0
github.com/imhasandl/notification-service/cmd/server/notification-service.go:151.16,153.3 1 0
github.com/imhasandl/notification-service/cmd/server/notification-service.go:155.2,161.16 3 0
github.com/imhasandl/notification-service/cmd/server/notification-service.go:161.16,163.3 1 0
github.com/imhasandl/notification-service/cmd/server/notification-service.go:165.2,167.8 1 0
github.com/imhasandl/notification-service/internal/mocks/mocks.go:21.36,23.2 1 0
github.com/imhasandl/notification-service/internal/mocks/mocks.go:26.134,29.2 2 0
github.com/imhasandl/notification-service/internal/mocks/mocks.go:32.102,35.2 2 0
github.com/imhasandl/notification-service/internal/mocks/mocks.go:38.106,41.2 2 0
github.com/imhasandl/notification-service/internal/mocks/mocks.go:44.67,47.2 2 0
github.com/imhasandl/notification-service/internal/mocks/mocks.go:56.50,61.2 2 0
github.com/imhasandl/notification-service/internal/mocks/mocks.go:64.76,66.50 2 0
github.com/imhasandl/notification-service/internal/mocks/mocks.go:66.50,68.3 1 0
github.com/imhasandl/notification-service/internal/mocks/mocks.go:69.2,69.20 1 0
github.com/imhasandl/notification-service/internal/mocks/mocks.go:78.95,80.14 1 0
github.com/imhasandl/notification-service/internal/mocks/mocks.go:80.14,82.3 1 0
github.com/imhasandl/notification-service/internal/mocks/mocks.go:84.2,85.38 2 0
github.com/imhasandl/notification-service/internal/mocks/mocks.go:98.38,103.2 2 0
github.com/imhasandl/notification-service/internal/mocks/mocks.go:106.32,108.2 1 0
github.com/imhasandl/notification-service/internal/mocks/mocks.go:114.51,117.2 2 0
github.com/imhasandl/notification-service/internal/mocks/mocks.go:125.160,128.2 2 0
github.com/imhasandl/notification-service/internal/mocks/mocks.go:135.104,138.2 2 0
github.com/imhasandl/notification-service/internal/mocks/mocks.go:140.136,143.2 2 0
github.com/imhasandl/notification-service/internal/mocks/mocks.go:145.108,148.2 2 0
github.com/imhasandl/notification-service/internal/mocks/mocks.go:150.69,153.2 2 0
github.com/imhasandl/notification-service/internal/mocks/mocks.go:160.38,162.2 1 0
github.com/imhasandl/notification-service/internal/mocks/mocks.go:164.57,167.2 2 0
github.com/imhasandl/notification-service/cmd/helper/responseGRPC.go:14.94,15.16 1 0
github.com/imhasandl/notification-service/cmd/helper/responseGRPC.go:15.16,17.3 1 0
github.com/imhasandl/notification-service/cmd/helper/responseGRPC.go:19.2,19.27 1 0
github.com/imhasandl/notification-service/cmd/helper/responseGRPC.go:19.27,21.3 1 0
github.com/imhasandl/notification-service/cmd/helper/responseGRPC.go:23.2,28.16 3 0
github.com/imhasandl/notification-service/cmd/helper/responseGRPC.go:28.16,31.3 2 0
github.com/imhasandl/notification-service/cmd/helper/responseGRPC.go:33.2,34.33 2 0
github.com/imhasandl/notification-service/internal/database/db.go:19.28,21.2 1 0
github.com/imhasandl/notification-service/internal/database/db.go:27.47,31.2 1 0
github.com/imhasandl/notification-service/internal/database/device_tokens.sql.go:24.93,27.2 2 0
github.com/imhasandl/notification-service/internal/database/device_tokens.sql.go:34.98,39.2 4 0
github.com/imhasandl/notification-service/internal/database/device_tokens.sql.go:56.112,73.2 4 0
github.com/imhasandl/notification-service/internal/database/notification.sql.go:16.63,19.2 2 0
github.com/imhasandl/notification-service/protos/notification.pb.go:32.43,34.29 2 0
github.com/imhasandl/notification-service/protos/notification.pb.go:34.29,38.3 3 0
github.com/imhasandl/notification-service/protos/notification.pb.go:41.51,43.2 1 0
github.com/imhasandl/notification-service/protos/notification.pb.go:45.49,45.50 0 0
github.com/imhasandl/notification-service/protos/notification.pb.go:47.71,49.41 2 0
github.com/imhasandl/notification-service/protos/notification.pb.go:49.41,51.34 2 0
github.com/imhasandl/notification-service/protos/notification.pb.go:51.34,53.4 1 0
github.com/imhasandl/notification-service/protos/notification.pb.go:54.3,54.12 1 0
github.com/imhasandl/notification-service/protos/notification.pb.go:56.2,56.24 1 0
github.com/imhasandl/notification-service/protos/notification.pb.go:60.62,62.2 1 0
github.com/imhasandl/notification-service/protos/notification.pb.go:64.60,65.14 1 0
github.com/imhasandl/notification-service/protos/notification.pb.go:65.14,67.3 1 0
github.com/imhasandl/notification-service/protos/notification.pb.go:68.2,68.12 1 0
github.com/imhasandl/notification-service/protos/notification.pb.go:79.44,81.29 2 0
github.com/imhasandl/notification-service/protos/notification.pb.go:81.29,85.3 3 0
github.com/imhasandl/notification-service/protos/notification.pb.go:88.52,90.2 1 0
github.com/imhasandl/notification-service/protos/notification.pb.go:92.50,92.51 0 0
github.com/imhasandl/notification-service/protos/notification.pb.go:94.72,96.41 2 0
github.com/imhasandl/notification-service/protos/notification.pb.go:96.41,98.34 2 0
github.com/imhasandl/notification-service/protos/notification.pb.go:98.34,100.4 1 0
github.com/imhasandl/notification-service/protos/notification.pb.go:101.3,101.12 1 0
github.com/imhasandl/notification-service/protos/notification.pb.go:103.2,103.24 1 0
github.com/imhasandl/notification-service/protos/notification.pb.go:107.63,109.2 1 0
github.com/imhasandl/notification-service/protos/notification.pb.go:111.53,112.14 1 0
github.com/imhasandl/notification-service/protos/notification.pb.go:112.14,114.3 1 0
github.com/imhasandl/notification-service/protos/notification.pb.go:115.2,115.14 1 0
github.com/imhasandl/notification-service/protos/notification.pb.go:128.46,130.29 2 0
github.com/imhasandl/notification-service/protos/notification.pb.go:130.29,134.3 3 0
github.com/imhasandl/notification-service/protos/notification.pb.go:137.54,139.2 1 0
github.com/imhasandl/notification-service/protos/notification.pb.go:141.52,141.53 0 0
github.com/imhasandl/notification-service/protos/notification.pb.go:143.74,145.41 2 0
github.com/imhasandl/notification-service/protos/notification.pb.go:145.41,147.34 2 0
github.com/imhasandl/notification-service/protos/notification.pb.go:147.34,149.4 1 0
github.com/imhasandl/notification-service/protos/notification.pb.go:150.3,150.12 1 0
github.com/imhasandl/notification-service/protos/notification.pb.go:152.2,152.24 1 0
github.com/imhasandl/notification-service/protos/notification.pb.go:156.65,158.2 1 0
github.com/imhasandl/notification-service/protos/notification.pb.go:160.57,161.14 1 0
github.com/imhasandl/notification-service/protos/notification.pb.go:161.14,163.3 1 0
github.com/imhasandl/notification-service/protos/notification.pb.go:164.2,164.11 1 0
github.com/imhasandl/notification-service/protos/notification.pb.go:167.62,168.14 1 0
github.com/imhasandl/notification-service/protos/notification.pb.go:168.14,170.3 1 0
github.com/imhasandl/notification-service/protos/notification.pb.go:171.2,171.11 1 0
github.com/imhasandl/notification-service/protos/notification.pb.go:174.61,175.14 1 0
github.com/imhasandl/notification-service/protos/notification.pb.go:175.14,177.3 1 0
github.com/imhasandl/notification-service/protos/notification.pb.go:178.2,178.11 1 0
github.com/imhasandl/notification-service/protos/notification.pb.go:189.47,191.29 2 0
github.com/imhasandl/notification-service/protos/notification.pb.go:191.29,195.3 3 0
github.com/imhasandl/notification-service/protos/notification.pb.go:198.55,200.2 1 0
github.com/imhasandl/notification-service/protos/notification.pb.go:202.53,202.54 0 0
github.com/imhasandl/notification-service/protos/notification.pb.go:204.75,206.41 2 0
github.com/imhasandl/notification-service/protos/notification.pb.go:206.41,208.34 2 0
github.com/imhasandl/notification-service/protos/notification.pb.go:208.34,210.4 1 0
github.com/imhasandl/notification-service/protos/notification.pb.go:211.3,211.12 1 0
github.com/imhasandl/notification-service/protos/notification.pb.go:213.2,213.24 1 0
github.com/imhasandl/notification-service/protos/notification.pb.go:217.66,219.2 1 0
github.com/imhasandl/notification-service/protos/notification.pb.go:221.69,222.14 1 0
github.com/imhasandl/notification-service/protos/notification.pb.go:222.14,224.3 1 0
github.com/imhasandl/notification-service/protos/notification.pb.go:225.2,225.12 1 0
github.com/imhasandl/notification-service/protos/notification.pb.go:237.44,239.29 2 0
github.com/imhasandl/notification-service/protos/notification.pb.go:239.29,243.3 3 0
github.com/imhasandl/notification-service/protos/notification.pb.go:246.52,248.2 1 0
github.com/imhasandl/notification-service/protos/notification.pb.go:250.50,250.51 0 0
github.com/imhasandl/notification-service/protos/notification.pb.go:252.72,254.41 2 0
github.com/imhasandl/notification-service/protos/notification.pb.go:254.41,256.34 2 0
github.com/imhasandl/notification-service/protos/notification.pb.go:256.34,258.4 1 0
github.com/imhasandl/notification-service/protos/notification.pb.go:259.3,259.12 1 0
github.com/imhasandl/notification-service/protos/notification.pb.go:261.2,261.24 1 0
github.com/imhasandl/notification-service/protos/notification.pb.go:265.63,267.2 1 0
github.com/imhasandl/notification-service/protos/notification.pb.go:269.55,270.14 1 0
github.com/imhasandl/notification-service/protos/notification.pb.go:270.14,272.3 1 0
github.com/imhasandl/notification-service/protos/notification.pb.go:273.2,273.11 1 0
github.com/imhasandl/notification-service/protos/notification.pb.go:276.60,277.14 1 0
github.com/imhasandl/notification-service/protos/notification.pb.go:277.14,279.3 1 0
github.com/imhasandl/notification-service/protos/notification.pb.go:280.2,280.11 1 0
github.com/imhasandl/notification-service/protos/notification.pb.go:291.45,293.29 2 0
github.com/imhasandl/notification-service/protos/notification.pb.go:293.29,297.3 3 0
github.com/imhasandl/notification-service/protos/notification.pb.go:300.53,302.2 1 0
github.com/imhasandl/notification-service/protos/notification.pb.go:304.51,304.52 0 0
github.com/imhasandl/notification-service/protos/notification.pb.go:306.73,308.41 2 0
github.com/imhasandl/notification-service/protos/notification.pb.go:308.41,310.34 2 0
github.com/imhasandl/notification-service/protos/notification.pb.go:310.34,312.4 1 0
github.com/imhasandl/notification-service/protos/notification.pb.go:313.3,313.12 1 0
github.com/imhasandl/notification-service/protos/notification.pb.go:315.2,315.24 1 0
github.com/imhasandl/notification-service/protos/notification.pb.go:319.64,321.2 1 0
github.com/imhasandl/notification-service/protos/notification.pb.go:323.54,324.14 1 0
github.com/imhasandl/notification-service/protos/notification.pb.go:324.14,326.3 1 0
github.com/imhasandl/notification-service/protos/notification.pb.go:327.2,327.14 1 0
github.com/imhasandl/notification-service/protos/notification.pb.go:343.31,345.29 2 0
github.com/imhasandl/notification-service/protos/notification.pb.go:345.29,349.3 3 0
github.com/imhasandl/notification-service/protos/notification.pb.go:352.39,354.2 1 0
github.com/imhasandl/notification-service/protos/notification.pb.go:356.37,356.38 0 0
github.com/imhasandl/notification-service/protos/notification.pb.go:358.59,360.41 2 0
github.com/imhasandl/notification-service/protos/notification.pb.go:360.41,362.34 2 0
github.com/imhasandl/notification-service/protos/notification.pb.go:362.34,364.4 1 0
github.com/imhasandl/notification-service/protos/notification.pb.go:365.3,365.12 1 0
github.com/imhasandl/notification-service/protos/notification.pb.go:367.2,367.24 1 0
github.com/imhasandl/notification-service/protos/notification.pb.go:371.50,373.2 1 0
github.com/imhasandl/notification-service/protos/notification.pb.go:375.38,376.14 1 0
github.com/imhasandl/notification-service/protos/notification.pb.go:376.14,378.3 1 0
github.com/imhasandl/notification-service/protos/notification.pb.go:379.2,379.11 1 0
github.com/imhasandl/notification-service/protos/notification.pb.go:382.42,383.14 1 0
github.com/imhasandl/notification-service/protos/notification.pb.go:383.14,385.3 1 0
github.com/imhasandl/notification-service/protos/notification.pb.go:386.2,386.11 1 0
github.com/imhasandl/notification-service/protos/notification.pb.go:389.47,390.14 1 0
github.com/imhasandl/notification-service/protos/notification.pb.go:390.14,392.3 1 0
github.com/imhasandl/notification-service/protos/notification.pb.go:393.2,393.11 1 0
github.com/imhasandl/notification-service/protos/notification.pb.go:396.46,397.14 1 0
github.com/imhasandl/notification-service/protos/notification.pb.go:397.14,399.3 1 0
github.com/imhasandl/notification-service/protos/notification.pb.go:400.2,400.11 1 0
github.com/imhasandl/notification-service/protos/notification.pb.go:403.61,404.14 1 0
github.com/imhasandl/notification-service/protos/notification.pb.go:404.14,406.3 1 0
github.com/imhasandl/notification-service/protos/notification.pb.go:407.2,407.12 1 0
github.com/imhasandl/notification-service/protos/notification.pb.go:410.61,411.14 1 0
github.com/imhasandl/notification-service/protos/notification.pb.go:411.14,413.3 1 0
github.com/imhasandl/notification-service/protos/notification.pb.go:414.2,414.12 1 0
github.com/imhasandl/notification-service/protos/notification.pb.go:501.51,502.48 1 0
github.com/imhasandl/notification-service/protos/notification.pb.go:502.48,504.3 1 0
github.com/imhasandl/notification-service/protos/notification.pb.go:505.2,505.44 1 0
github.com/imhasandl/notification-service/protos/notification.pb.go:536.13,536.47 1 0
github.com/imhasandl/notification-service/protos/notification.pb.go:537.37,538.36 1 0
github.com/imhasandl/notification-service/protos/notification.pb.go:538.36,540.3 1 0
github.com/imhasandl/notification-service/protos/notification.pb.go:541.2,541.30 1 0
github.com/imhasandl/notification-service/protos/notification.pb.go:541.30,542.89 1 0
github.com/imhasandl/notification-service/protos/notification.pb.go:542.89,543.48 1 0
github.com/imhasandl/notification-service/protos/notification.pb.go:544.11,545.20 1 0
github.com/imhasandl/notification-service/protos/notification.pb.go:546.11,547.24 1 0
github.com/imhasandl/notification-service/protos/notification.pb.go:548.11,549.28 1 0
github.com/imhasandl/notification-service/protos/notification.pb.go:550.12,551.15 1 0
github.com/imhasandl/notification-service/protos/notification.pb.go:554.3,554.89 1 0
github.com/imhasandl/notification-service/protos/notification.pb.go:554.89,555.49 1 0
github.com/imhasandl/notification-service/protos/notification.pb.go:556.11,557.20 1 0
github.com/imhasandl/notification-service/protos/notification.pb.go:558.11,559.24 1 0
github.com/imhasandl/notification-service/protos/notification.pb.go:560.11,561.28 1 0
github.com/imhasandl/notification-service/protos/notification.pb.go:562.12,563.15 1 0
github.com/imhasandl/notification-service/protos/notification.pb.go:566.3,566.89 1 0
github.com/imhasandl/notification-service/protos/notification.pb.go:566.89,567.51 1 0
github.com/imhasandl/notification-service/protos/notification.pb.go:568.11,569.20 1 0
github.com/imhasandl/notification-service/protos/notification.pb.go:570.11,571.24 1 0
github.com/imhasandl/notification-service/protos/notification.pb.go:572.11,573.28 1 0
github.com/imhasandl/notification-service/protos/notification.pb.go:574.12,575.15 1 0
github.com/imhasandl/notification-service/protos/notification.pb.go:578.3,578.89 1 0
github.com/imhasandl/notification-service/protos/notification.pb.go:578.89,579.52 1 0
github.com/imhasandl/notification-service/protos/notification.pb.go:580.11,581.20 1 0
github.com/imhasandl/notification-service/protos/notification.pb.go:582.11,583.24 1 0
github.com/imhasandl/notification-service/protos/notification.pb.go:584.11,585.28 1 0
github.com/imhasandl/notification-service/protos/notification.pb.go:586.12,587.15 1 0
github.com/imhasandl/notification-service/protos/notification.pb.go:590.3,590.89 1 0
github.com/imhasandl/notification-service/protos/notification.pb.go:590.89,591.49 1 0
github.com/imhasandl/notification-service/protos/notification.pb.go:592.11,593.20 1 0
github.com/imhasandl/notification-service/protos/notification.pb.go:594.11,595.24 1 0
github.com/imhasandl/notification-service/protos/notification.pb.go:596.11,597.28 1 0
github.com/imhasandl/notification-service/protos/notification.pb.go:598.12,599.15 1 0
github.com/imhasandl/notification-service/protos/notification.pb.go:602.3,602.89 1 0
github.com/imhasandl/notification-service/protos/notification.pb.go:602.89,603.50 1 0
github.com/imhasandl/notification-service/protos/notification.pb.go:604.11,605.20 1 0
github.com/imhasandl/notification-service/protos/notification.pb.go:606.11,607.24 1 0
github.com/imhasandl/notification-service/protos/notification.pb.go:608.11,609.28 1 0
github.com/imhasandl/notification-service/protos/notification.pb.go:610.12,611.15 1 0
github.com/imhasandl/notification-service/protos/notification.pb.go:614.3,614.89 1 0
github.com/imhasandl/notification-service/protos/notification.pb.go:614.89,615.36 1 0
github.com/imhasandl/notification-service/protos/notification.pb.go:616.11,617.20 1 0
github.com/imhasandl/notification-service/protos/notification.pb.go:618.11,619.24 1 0
github.com/imhasandl/notification-service/protos/notification.pb.go:620.11,621.28 1 0
github.com/imhasandl/notification-service/protos/notification.pb.go:622.12,623.15 1 0
github.com/imhasandl/notification-service/protos/notification.pb.go:627.2,644.39 6 0
github.com/imhasandl/notification-service/protos/notification_grpc.pb.go:34.90,36.2 1 0
github.com/imhasandl/notification-service/protos/notification_grpc.pb.go:38.164,41.16 3 0
github.com/imhasandl/notification-service/protos/notification_grpc.pb.go:41.16,43.3 1 0
github.com/imhasandl/notification-service/protos/notification_grpc.pb.go:44.2,44.17 1 0
github.com/imhasandl/notification-service/protos/notification_grpc.pb.go:47.173,50.16 3 0
github.com/imhasandl/notification-service/protos/notification_grpc.pb.go:50.16,52.3 1 0
github.com/imhasandl/notification-service/protos/notification_grpc.pb.go:53.2,53.17 1 0
github.com/imhasandl/notification-service/protos/notification_grpc.pb.go:56.167,59.16 3 0
github.com/imhasandl/notification-service/protos/notification_grpc.pb.go:59.16,61.3 1 0
github.com/imhasandl/notification-service/protos/notification_grpc.pb.go:62.2,62.17 1 0
github.com/imhasandl/notification-service/protos/notification_grpc.pb.go:79.142,81.2 1 0
github.com/imhasandl/notification-service/protos/notification_grpc.pb.go:82.151,84.2 1 0
github.com/imhasandl/notification-service/protos/notification_grpc.pb.go:85.145,87.2 1 0
github.com/imhasandl/notification-service/protos/notification_grpc.pb.go:88.98,88.99 0 0
github.com/imhasandl/notification-service/protos/notification_grpc.pb.go:97.96,99.2 1 0
github.com/imhasandl/notification-service/protos/notification_grpc.pb.go:101.181,103.32 2 0
github.com/imhasandl/notification-service/protos/notification_grpc.pb.go:103.32,105.3 1 0
github.com/imhasandl/notification-service/protos/notification_grpc.pb.go:106.2,106.24 1 0
github.com/imhasandl/notification-service/protos/notification_grpc.pb.go:106.24,108.3 1 0
github.com/imhasandl/notification-service/protos/notification_grpc.pb.go:109.2,113.77 2 0
github.com/imhasandl/notification-service/protos/notification_grpc.pb.go:113.77,115.3 1 0
github.com/imhasandl/notification-service/protos/notification_grpc.pb.go:116.2,116.44 1 0
github.com/imhasandl/notification-service/protos/notification_grpc.pb.go:119.184,121.32 2 0
github.com/imhasandl/notification-service/protos/notification_grpc.pb.go:121.32,123.3 1 0
github.com/imhasandl/notification-service/protos/notification_grpc.pb.go:124.2,124.24 1 0
github.com/imhasandl/notification-service/protos/notification_grpc.pb.go:124.24,126.3 1 0
github.com/imhasandl/notification-service/protos/notification_grpc.pb.go:127.2,131.77 2 0
github.com/imhasandl/notification-service/protos/notification_grpc.pb.go:131.77,133.3 1 0
github.com/imhasandl/notification-service/protos/notification_grpc.pb.go:134.2,134.44 1 0
github.com/imhasandl/notification-service/protos/notification_grpc.pb.go:137.182,139.32 2 0
github.com/imhasandl/notification-service/protos/notification_grpc.pb.go:139.32,141.3 1 0
github.com/imhasandl/notification-service/protos/notification_grpc.pb.go:142.2,142.24 1 0
github.com/imhasandl/notification-service/protos/notification_grpc.pb.go:142.24,144.3 1 0
github.com/imhasandl/notification-service/protos/notification_grpc.pb.go:145.2,149.77 2 0
github.com/imhasandl/notification-service/protos/notification_grpc.pb.go:149.77,151.3 1 0
github.com/imhasandl/notification-service/protos/notification_grpc.pb.go:152.2,152.44 1 0
